<?xml version="1.0" encoding="UTF-8"?>
<!-- Generated by org.testng.reporters.JUnitXMLReporter -->
<testsuite ignored="0" hostname="CPC-I0101-K6FWU" failures="3" tests="3" name="ParallelTest" time="14.72" errors="0" timestamp="2024-03-14T16:26:01 IST">
  <testcase classname="io.cucumber.testng.AbstractTestNGCucumberTests" name="runScenario" time="5.788">
    <failure type="java.lang.AssertionError" message="expected [true] but found [false]">
      <![CDATA[java.lang.AssertionError: expected [true] but found [false]
at utilities.SeleniumMethods.verifyTitle(SeleniumMethods.java:54)
at pageObjects.LoginPageObjects.portalLoginPage(LoginPageObjects.java:25)
at stepDefinitions.LoginPageSteps.user_is_on_login_page(LoginPageSteps.java:33)
at ✽.User is on LoginPage(file:///C:/Users/I01013/Downloads/BDD_Framework/BDD_Framework/./features/HomePage.feature:4)
... Removed 4 stack frames]]>
    </failure>
  </testcase> <!-- runScenario -->
  <testcase classname="io.cucumber.testng.AbstractTestNGCucumberTests" name="runScenario" time="3.678">
    <failure type="java.lang.AssertionError" message="expected [true] but found [false]">
      <![CDATA[java.lang.AssertionError: expected [true] but found [false]
at utilities.SeleniumMethods.verifyTitle(SeleniumMethods.java:54)
at pageObjects.LoginPageObjects.portalLoginPage(LoginPageObjects.java:25)
at stepDefinitions.LoginPageSteps.user_is_on_login_page(LoginPageSteps.java:33)
at ✽.User is on LoginPage(file:///C:/Users/I01013/Downloads/BDD_Framework/BDD_Framework/./features/HomePage.feature:4)
... Removed 4 stack frames]]>
    </failure>
  </testcase> <!-- runScenario -->
  <testcase classname="io.cucumber.testng.AbstractTestNGCucumberTests" name="runScenario" time="3.549">
    <failure type="java.lang.AssertionError" message="expected [true] but found [false]">
      <![CDATA[java.lang.AssertionError: expected [true] but found [false]
at utilities.SeleniumMethods.verifyTitle(SeleniumMethods.java:54)
at pageObjects.LoginPageObjects.portalLoginPage(LoginPageObjects.java:25)
at stepDefinitions.LoginPageSteps.user_is_on_login_page(LoginPageSteps.java:33)
at ✽.User is on LoginPage(file:///C:/Users/I01013/Downloads/BDD_Framework/BDD_Framework/./features/LoginPage.feature:4)
... Removed 4 stack frames]]>
    </failure>
  </testcase> <!-- runScenario -->
</testsuite> <!-- ParallelTest -->
