<html>
<head>
<title>TestNG:  ParallelTest</title>
<link href="../testng.css" rel="stylesheet" type="text/css" />
<link href="../my-testng.css" rel="stylesheet" type="text/css" />

<style type="text/css">
.log { display: none;} 
.stack-trace { display: none;} 
</style>
<script type="text/javascript">
<!--
function flip(e) {
  current = e.style.display;
  if (current == 'block') {
    e.style.display = 'none';
    return 0;
  }
  else {
    e.style.display = 'block';
    return 1;
  }
}

function toggleBox(szDivId, elem, msg1, msg2)
{
  var res = -1;  if (document.getElementById) {
    res = flip(document.getElementById(szDivId));
  }
  else if (document.all) {
    // this is the way old msie versions work
    res = flip(document.all[szDivId]);
  }
  if(elem) {
    if(res == 0) elem.innerHTML = msg1; else elem.innerHTML = msg2;
  }

}

function toggleAllBoxes() {
  if (document.getElementsByTagName) {
    d = document.getElementsByTagName('div');
    for (i = 0; i < d.length; i++) {
      if (d[i].className == 'log') {
        flip(d[i]);
      }
    }
  }
}

// -->
</script>

</head>
<body>
<h2 align='center'>ParallelTest</h2><table border='1' align="center">
<tr>
<td>Tests passed/Failed/Skipped:</td><td>0/3/0</td>
</tr><tr>
<td>Started on:</td><td>Thu Mar 14 16:25:47 IST 2024</td>
</tr>
<tr><td>Total time:</td><td>14 seconds (14720 ms)</td>
</tr><tr>
<td>Included groups:</td><td></td>
</tr><tr>
<td>Excluded groups:</td><td></td>
</tr>
</table><p/>
<small><i>(Hover the method name to see the test class name)</i></small><p/>
<table width='100%' border='1' class='invocation-failed'>
<tr><td colspan='4' align='center'><b>FAILED TESTS</b></td></tr>
<tr><td><b>Test method</b></td>
<td width="30%"><b>Exception</b></td>
<td width="10%"><b>Time (seconds)</b></td>
<td><b>Instance</b></td>
</tr>
<tr>
<td title='testRunner.TestngTestRunner.runScenario()'><b>runScenario</b><br>Test class: testRunner.TestngTestRunner<br>Test method: Runs Cucumber Scenarios<br>Parameters: "User login with valid Username and Password", "Login into portal"</td>
<td><div><pre>java.lang.AssertionError: expected [true] but found [false]
	at utilities.SeleniumMethods.verifyTitle(SeleniumMethods.java:54)
	at pageObjects.LoginPageObjects.portalLoginPage(LoginPageObjects.java:25)
	at stepDefinitions.LoginPageSteps.user_is_on_login_page(LoginPageSteps.java:33)
	at ✽.User is on LoginPage(file:///C:/Users/I01013/Downloads/BDD_Framework/BDD_Framework/./features/LoginPage.feature:4)
... Removed 4 stack frames</pre></div><a href='#' onClick='toggleBox("stack-trace556786589", this, "Click to show all stack frames", "Click to hide stack frames")'>Click to show all stack frames</a>
<div class='stack-trace' id='stack-trace556786589'><pre>java.lang.AssertionError: expected [true] but found [false]
	at org.testng.Assert.fail(Assert.java:99)
	at org.testng.Assert.failNotEquals(Assert.java:1037)
	at org.testng.Assert.assertTrue(Assert.java:45)
	at org.testng.Assert.assertTrue(Assert.java:55)
	at utilities.SeleniumMethods.verifyTitle(SeleniumMethods.java:54)
	at pageObjects.LoginPageObjects.portalLoginPage(LoginPageObjects.java:25)
	at stepDefinitions.LoginPageSteps.user_is_on_login_page(LoginPageSteps.java:33)
	at ✽.User is on LoginPage(file:///C:/Users/I01013/Downloads/BDD_Framework/BDD_Framework/./features/LoginPage.feature:4)
</pre></div></td>
<td>3</td>
<td>testRunner.TestngTestRunner@7ae0a9ec</td></tr>
<tr>
<td title='testRunner.TestngTestRunner.runScenario()'><b>runScenario</b><br>Test class: testRunner.TestngTestRunner<br>Test method: Runs Cucumber Scenarios<br>Parameters: "User login with valid username and password", "Login into portal"</td>
<td><div><pre>java.lang.AssertionError: expected [true] but found [false]
	at utilities.SeleniumMethods.verifyTitle(SeleniumMethods.java:54)
	at pageObjects.LoginPageObjects.portalLoginPage(LoginPageObjects.java:25)
	at stepDefinitions.LoginPageSteps.user_is_on_login_page(LoginPageSteps.java:33)
	at ✽.User is on LoginPage(file:///C:/Users/I01013/Downloads/BDD_Framework/BDD_Framework/./features/HomePage.feature:4)
... Removed 4 stack frames</pre></div><a href='#' onClick='toggleBox("stack-trace874741097", this, "Click to show all stack frames", "Click to hide stack frames")'>Click to show all stack frames</a>
<div class='stack-trace' id='stack-trace874741097'><pre>java.lang.AssertionError: expected [true] but found [false]
	at org.testng.Assert.fail(Assert.java:99)
	at org.testng.Assert.failNotEquals(Assert.java:1037)
	at org.testng.Assert.assertTrue(Assert.java:45)
	at org.testng.Assert.assertTrue(Assert.java:55)
	at utilities.SeleniumMethods.verifyTitle(SeleniumMethods.java:54)
	at pageObjects.LoginPageObjects.portalLoginPage(LoginPageObjects.java:25)
	at stepDefinitions.LoginPageSteps.user_is_on_login_page(LoginPageSteps.java:33)
	at ✽.User is on LoginPage(file:///C:/Users/I01013/Downloads/BDD_Framework/BDD_Framework/./features/HomePage.feature:4)
</pre></div></td>
<td>3</td>
<td>testRunner.TestngTestRunner@7ae0a9ec</td></tr>
<tr>
<td title='testRunner.TestngTestRunner.runScenario()'><b>runScenario</b><br>Test class: testRunner.TestngTestRunner<br>Test method: Runs Cucumber Scenarios<br>Parameters: "User login with invalid username and password", "Login into portal"</td>
<td><div><pre>java.lang.AssertionError: expected [true] but found [false]
	at utilities.SeleniumMethods.verifyTitle(SeleniumMethods.java:54)
	at pageObjects.LoginPageObjects.portalLoginPage(LoginPageObjects.java:25)
	at stepDefinitions.LoginPageSteps.user_is_on_login_page(LoginPageSteps.java:33)
	at ✽.User is on LoginPage(file:///C:/Users/I01013/Downloads/BDD_Framework/BDD_Framework/./features/HomePage.feature:4)
... Removed 4 stack frames</pre></div><a href='#' onClick='toggleBox("stack-trace976161284", this, "Click to show all stack frames", "Click to hide stack frames")'>Click to show all stack frames</a>
<div class='stack-trace' id='stack-trace976161284'><pre>java.lang.AssertionError: expected [true] but found [false]
	at org.testng.Assert.fail(Assert.java:99)
	at org.testng.Assert.failNotEquals(Assert.java:1037)
	at org.testng.Assert.assertTrue(Assert.java:45)
	at org.testng.Assert.assertTrue(Assert.java:55)
	at utilities.SeleniumMethods.verifyTitle(SeleniumMethods.java:54)
	at pageObjects.LoginPageObjects.portalLoginPage(LoginPageObjects.java:25)
	at stepDefinitions.LoginPageSteps.user_is_on_login_page(LoginPageSteps.java:33)
	at ✽.User is on LoginPage(file:///C:/Users/I01013/Downloads/BDD_Framework/BDD_Framework/./features/HomePage.feature:4)
</pre></div></td>
<td>5</td>
<td>testRunner.TestngTestRunner@7ae0a9ec</td></tr>
</table><p>
</body>
</html>